-------------------------------------------------------------------------------
Test set: com.edu.board.Controller.MyPageControllerTest
-------------------------------------------------------------------------------
Tests run: 1, Failures: 1, Errors: 0, Skipped: 0, Time elapsed: 4.183 s <<< FAILURE! - in com.edu.board.Controller.MyPageControllerTest
myPageTest  Time elapsed: 0.88 s  <<< FAILURE!
java.lang.AssertionError: No value at JSON path "$.username"
	at com.edu.board.Controller.MyPageControllerTest.myPageTest(MyPageControllerTest.java:45)
Caused by: com.jayway.jsonpath.PathNotFoundException: No results for path: $['username']

