<?xml version="1.0" encoding="UTF-8"?>
<testsuite xmlns:xsi="http://www.w3.org/2001/XMLSchema-instance" xsi:noNamespaceSchemaLocation="https://maven.apache.org/surefire/maven-surefire-plugin/xsd/surefire-test-report.xsd" name="com.edu.board.Controller.MyPageControllerTest" time="4.183" tests="1" errors="0" skipped="0" failures="1">
  <properties>
[...]
</properties>
  <testcase name="myPageTest" classname="com.edu.board.Controller.MyPageControllerTest" time="0.88">
    <failure message="No value at JSON path &quot;$.username&quot;" type="java.lang.AssertionError">java.lang.AssertionError: No value at JSON path "$.username"
	at com.edu.board.Controller.MyPageControllerTest.myPageTest(MyPageControllerTest.java:45)
Caused by: com.jayway.jsonpath.PathNotFoundException: No results for path: $['username']
</failure>
    <system-out><![CDATA[2024-01-23 21:07:36.700  INFO 6168 --- [           main] .b.t.c.SpringBootTestContextBootstrapper : Neither @ContextConfiguration nor @ContextHierarchy found for test class [com.edu.board.Controller.MyPageControllerTest], using SpringBootContextLoader
2024-01-23 21:07:36.717  INFO 6168 --- [           main] o.s.t.c.support.AbstractContextLoader    : Could not detect default resource locations for test class [com.edu.board.Controller.MyPageControllerTest]: no resource found for suffixes {-context.xml, Context.groovy}.
2024-01-23 21:07:36.717  INFO 6168 --- [           main] t.c.s.AnnotationConfigContextLoaderUtils : Could not detect default configuration classes for test class [com.edu.board.Controller.MyPageControllerTest]: MyPageControllerTest does not declare any static, non-private, non-final, nested classes annotated with @Configuration.
2024-01-23 21:07:36.782  INFO 6168 --- [           main] .b.t.c.SpringBootTestContextBootstrapper : Found @SpringBootConfiguration com.edu.board.BoardApplication for test class com.edu.board.Controller.MyPageControllerTest
2024-01-23 21:07:36.795  INFO 6168 --- [           main] .b.t.c.SpringBootTestContextBootstrapper : Loaded default TestExecutionListener class names from location [META-INF/spring.factories]: [org.springframework.boot.test.mock.mockito.MockitoTestExecutionListener, org.springframework.boot.test.mock.mockito.ResetMocksTestExecutionListener, org.springframework.boot.test.autoconfigure.restdocs.RestDocsTestExecutionListener, org.springframework.boot.test.autoconfigure.web.client.MockRestServiceServerResetTestExecutionListener, org.springframework.boot.test.autoconfigure.web.servlet.MockMvcPrintOnlyOnFailureTestExecutionListener, org.springframework.boot.test.autoconfigure.web.servlet.WebDriverTestExecutionListener, org.springframework.boot.test.autoconfigure.webservices.client.MockWebServiceServerTestExecutionListener, org.springframework.test.context.web.ServletTestExecutionListener, org.springframework.test.context.support.DirtiesContextBeforeModesTestExecutionListener, org.springframework.test.context.event.ApplicationEventsTestExecutionListener, org.springframework.test.context.support.DependencyInjectionTestExecutionListener, org.springframework.test.context.support.DirtiesContextTestExecutionListener, org.springframework.test.context.transaction.TransactionalTestExecutionListener, org.springframework.test.context.jdbc.SqlScriptsTestExecutionListener, org.springframework.test.context.event.EventPublishingTestExecutionListener]
2024-01-23 21:07:36.795  INFO 6168 --- [           main] .b.t.c.SpringBootTestContextBootstrapper : Using TestExecutionListeners: [org.springframework.test.context.web.ServletTestExecutionListener@6705fb02, org.springframework.test.context.support.DirtiesContextBeforeModesTestExecutionListener@e2696e8, org.springframework.test.context.event.ApplicationEventsTestExecutionListener@345d641e, org.springframework.boot.test.mock.mockito.MockitoTestExecutionListener@70cdbd18, org.springframework.boot.test.autoconfigure.SpringBootDependencyInjectionTestExecutionListener@38d895e8, org.springframework.test.context.support.DirtiesContextTestExecutionListener@2f3d5cd, org.springframework.test.context.transaction.TransactionalTestExecutionListener@5dd12c19, org.springframework.test.context.jdbc.SqlScriptsTestExecutionListener@40696fc6, org.springframework.test.context.event.EventPublishingTestExecutionListener@3ce2c5f6, org.springframework.boot.test.mock.mockito.ResetMocksTestExecutionListener@20a3321a, org.springframework.boot.test.autoconfigure.restdocs.RestDocsTestExecutionListener@744673f3, org.springframework.boot.test.autoconfigure.web.client.MockRestServiceServerResetTestExecutionListener@7f5a25e2, org.springframework.boot.test.autoconfigure.web.servlet.MockMvcPrintOnlyOnFailureTestExecutionListener@553d828a, org.springframework.boot.test.autoconfigure.web.servlet.WebDriverTestExecutionListener@6cb759d5, org.springframework.boot.test.autoconfigure.webservices.client.MockWebServiceServerTestExecutionListener@2ba9765b]

  .   ____          _            __ _ _
 /\\ / ___'_ __ _ _(_)_ __  __ _ \ \ \ \
( ( )\___ | '_ | '_| | '_ \/ _` | \ \ \ \
 \\/  ___)| |_)| | | | | || (_| |  ) ) ) )
  '  |____| .__|_| |_|_| |_\__, | / / / /
 =========|_|==============|___/=/_/_/_/
 :: Spring Boot ::               (v2.7.14)

2024-01-23 21:07:36.860  INFO 6168 --- [           main] c.e.b.Controller.MyPageControllerTest    : Starting MyPageControllerTest using Java 11.0.21 on DESKTOP-5BN5S42 with PID 6168 (started by a in C:\Users\zzjjx\USG\2팀_내정보\mypage\backend)
2024-01-23 21:07:36.860  INFO 6168 --- [           main] c.e.b.Controller.MyPageControllerTest    : No active profile set, falling back to 1 default profile: "default"
2024-01-23 21:07:37.332  INFO 6168 --- [           main] .s.d.r.c.RepositoryConfigurationDelegate : Bootstrapping Spring Data JPA repositories in DEFAULT mode.
2024-01-23 21:07:37.373  INFO 6168 --- [           main] .s.d.r.c.RepositoryConfigurationDelegate : Finished Spring Data repository scanning in 45 ms. Found 1 JPA repository interfaces.
2024-01-23 21:07:37.829  INFO 6168 --- [           main] com.zaxxer.hikari.HikariDataSource       : HikariPool-2 - Starting...
2024-01-23 21:07:37.829  INFO 6168 --- [           main] com.zaxxer.hikari.HikariDataSource       : HikariPool-2 - Start completed.
2024-01-23 21:07:37.868  INFO 6168 --- [           main] o.hibernate.jpa.internal.util.LogHelper  : HHH000204: Processing PersistenceUnitInfo [name: default]
2024-01-23 21:07:37.893  INFO 6168 --- [           main] org.hibernate.dialect.Dialect            : HHH000400: Using dialect: org.hibernate.dialect.H2Dialect
2024-01-23 21:07:37.958  INFO 6168 --- [           main] o.h.e.t.j.p.i.JtaPlatformInitiator       : HHH000490: Using JtaPlatform implementation: [org.hibernate.engine.transaction.jta.platform.internal.NoJtaPlatform]
2024-01-23 21:07:37.967  INFO 6168 --- [           main] j.LocalContainerEntityManagerFactoryBean : Initialized JPA EntityManagerFactory for persistence unit 'default'
2024-01-23 21:07:38.374  WARN 6168 --- [           main] JpaBaseConfiguration$JpaWebConfiguration : spring.jpa.open-in-view is enabled by default. Therefore, database queries may be performed during view rendering. Explicitly configure spring.jpa.open-in-view to disable this warning
2024-01-23 21:07:38.535  INFO 6168 --- [           main] o.s.b.a.h2.H2ConsoleAutoConfiguration    : H2 console available at '/h2-console'. Database available at 'jdbc:h2:mem:testdb'
2024-01-23 21:07:40.006  INFO 6168 --- [           main] o.s.b.t.m.w.SpringBootMockServletContext : Initializing Spring TestDispatcherServlet ''
2024-01-23 21:07:40.006  INFO 6168 --- [           main] o.s.t.web.servlet.TestDispatcherServlet  : Initializing Servlet ''
2024-01-23 21:07:40.023  INFO 6168 --- [           main] o.s.t.web.servlet.TestDispatcherServlet  : Completed initialization in 17 ms
2024-01-23 21:07:40.053  INFO 6168 --- [           main] c.e.b.Controller.MyPageControllerTest    : Started MyPageControllerTest in 3.256 seconds (JVM running for 17.804)

MockHttpServletRequest:
      HTTP Method = POST
      Request URI = /users
       Parameters = {}
          Headers = [Content-Type:"application/json;charset=UTF-8", Content-Length:"99"]
             Body = {"userId":"test1","userPassword":"test","userName":"testman","userMoney":10000,"subscribeStatus":0}
    Session Attrs = {}

Handler:
             Type = com.edu.board.controller.UserController
           Method = com.edu.board.controller.UserController#create(User)

Async:
    Async started = false
     Async result = null

Resolved Exception:
             Type = null

ModelAndView:
        View name = null
             View = null
            Model = null

FlashMap:
       Attributes = null

MockHttpServletResponse:
           Status = 200
    Error message = null
          Headers = [Vary:"Origin", "Access-Control-Request-Method", "Access-Control-Request-Headers", Content-Type:"application/json"]
     Content type = application/json
             Body = {"userId":"test1","userPassword":"test","userName":"testman","userMoney":10000,"subscribeStatus":0}
    Forwarded URL = null
   Redirected URL = null
          Cookies = []
]]></system-out>
  </testcase>
</testsuite>